nohup: ignoring input
Installing package into ‘/home/kpomeyie/R/x86_64-pc-linux-gnu-library/4.3’
(as ‘lib’ is unspecified)
also installing the dependencies ‘textshaping’, ‘ragg’

trying URL 'https://cloud.r-project.org/src/contrib/textshaping_0.3.7.tar.gz'
Content type 'application/x-gzip' length 35100 bytes (34 KB)
==================================================
downloaded 34 KB

trying URL 'https://cloud.r-project.org/src/contrib/ragg_1.3.0.tar.gz'
Content type 'application/x-gzip' length 430242 bytes (420 KB)
==================================================
downloaded 420 KB

trying URL 'https://cloud.r-project.org/src/contrib/tidyverse_2.0.0.tar.gz'
Content type 'application/x-gzip' length 704618 bytes (688 KB)
==================================================
downloaded 688 KB

* installing *source* package ‘textshaping’ ...
** package ‘textshaping’ successfully unpacked and MD5 sums checked
** using staged installation
Package fribidi was not found in the pkg-config search path.
Perhaps you should add the directory containing `fribidi.pc'
to the PKG_CONFIG_PATH environment variable
No package 'fribidi' found
Using PKG_CFLAGS=
Using PKG_LIBS=-lfreetype -lharfbuzz -lfribidi -lpng
--------------------------- [ANTICONF] --------------------------------
Configuration failed to find the harfbuzz freetype2 fribidi library. Try installing:
 * deb: libharfbuzz-dev libfribidi-dev (Debian, Ubuntu, etc)
 * rpm: harfbuzz-devel fribidi-devel (Fedora, EPEL)
 * csw: libharfbuzz_dev libfribidi_dev (Solaris)
 * brew: harfbuzz fribidi (OSX)
If harfbuzz freetype2 fribidi is already installed, check that 'pkg-config' is in your
PATH and PKG_CONFIG_PATH contains a harfbuzz freetype2 fribidi.pc file. If pkg-config
is unavailable you can set INCLUDE_DIR and LIB_DIR manually via:
R CMD INSTALL --configure-vars='INCLUDE_DIR=... LIB_DIR=...'
-------------------------- [ERROR MESSAGE] ---------------------------
<stdin>:1:10: fatal error: hb-ft.h: No such file or directory
compilation terminated.
--------------------------------------------------------------------
ERROR: configuration failed for package ‘textshaping’
* removing ‘/home/kpomeyie/R/x86_64-pc-linux-gnu-library/4.3/textshaping’
ERROR: dependency ‘textshaping’ is not available for package ‘ragg’
* removing ‘/home/kpomeyie/R/x86_64-pc-linux-gnu-library/4.3/ragg’
ERROR: dependency ‘ragg’ is not available for package ‘tidyverse’
* removing ‘/home/kpomeyie/R/x86_64-pc-linux-gnu-library/4.3/tidyverse’

The downloaded source packages are in
	‘/tmp/RtmpRQhSAF/downloaded_packages’
Warning messages:
1: In utils::install.packages(package, ...) :
  installation of package ‘textshaping’ had non-zero exit status
2: In utils::install.packages(package, ...) :
  installation of package ‘ragg’ had non-zero exit status
3: In utils::install.packages(package, ...) :
  installation of package ‘tidyverse’ had non-zero exit status
4: In p_install(package, character.only = TRUE, ...) : 
5: In library(package, lib.loc = lib.loc, character.only = TRUE, logical.return = TRUE,  :
  there is no package called ‘tidyverse’
6: In pacman::p_load(fitdistrplus, terra, extRemes, evd, ismev, trend,  :
  Failed to install/load:
tidyverse
Error in read_csv("../data-raw/final_gr_models_08042020.csv", show_col_types = FALSE) : 
  could not find function "read_csv"
Execution halted
